<?xml version="1.0" encoding="UTF-8"?>
<testsuite name="HelloTest" tests="1" skipped="0" failures="0" errors="0" timestamp="2021-04-22T16:58:35" hostname="admins-MacBook-Pro.local" time="0.022">
  <properties/>
  <testcase name="whatTheHell()" classname="HelloTest" time="0.022"/>
  <system-out><![CDATA[]]></system-out>
  <system-err><![CDATA[]]></system-err>
</testsuite>
